[DEBUG] 2020-03-23 14:21:39.557 [main] Log4jDemo - Navigating to google url!!!
[INFO ] 2020-03-23 14:21:42.851 [main] Log4jDemo - This is an info message
[WARN ] 2020-03-23 14:21:42.852 [main] Log4jDemo - This is a warn message
[ERROR] 2020-03-23 14:21:42.852 [main] Log4jDemo - This is an error message
[FATAL] 2020-03-23 14:21:42.852 [main] Log4jDemo - This is a fatal message
[INFO ] 2020-03-23 17:34:08.058 [main] Log4jDemo - Result is 6
[INFO ] 2020-03-23 17:36:17.785 [main] Log4jDemo - Result is 8
[DEBUG] 2020-03-23 20:05:54.838 [main] Log4jDemo - Navigating to google url!!!
[INFO ] 2020-03-23 20:05:57.840 [main] Log4jDemo - This is an info message
[WARN ] 2020-03-23 20:05:57.841 [main] Log4jDemo - This is a warn message
[ERROR] 2020-03-23 20:05:57.841 [main] Log4jDemo - This is an error message
[FATAL] 2020-03-23 20:05:57.841 [main] Log4jDemo - This is a fatal message
[INFO ] 2020-03-23 20:19:23.308 [main] Log4jDemo - This is an info message
[WARN ] 2020-03-23 20:19:23.310 [main] Log4jDemo - This is a warn message
[ERROR] 2020-03-23 20:19:23.311 [main] Log4jDemo - This is an error message
[FATAL] 2020-03-23 20:19:23.311 [main] Log4jDemo - This is a fatal message
[INFO ] 2020-03-23 20:25:19.833 [main] Log4jDemo - This is an info message
[WARN ] 2020-03-23 20:25:19.837 [main] Log4jDemo - This is a warn message
[ERROR] 2020-03-23 20:25:19.837 [main] Log4jDemo - This is an error message
[FATAL] 2020-03-23 20:25:19.837 [main] Log4jDemo - This is a fatal message
[INFO ] 2020-03-27 16:46:29.212 [main] Log4jDemo - This is an info message
[WARN ] 2020-03-27 16:46:29.215 [main] Log4jDemo - This is a warn message
[ERROR] 2020-03-27 16:46:29.215 [main] Log4jDemo - This is an error message
[FATAL] 2020-03-27 16:46:29.216 [main] Log4jDemo - This is a fatal message
[INFO ] 2020-03-27 16:52:55.169 [main] Log4jDemo - This is an info message
[WARN ] 2020-03-27 16:52:55.174 [main] Log4jDemo - This is a warn message
[ERROR] 2020-03-27 16:52:55.174 [main] Log4jDemo - This is an error message
[FATAL] 2020-03-27 16:52:55.174 [main] Log4jDemo - This is a fatal message
[INFO ] 2020-03-27 16:58:31.868 [main] Log4jDemo - This is an info message
[WARN ] 2020-03-27 16:58:31.872 [main] Log4jDemo - This is a warn message
[ERROR] 2020-03-27 16:58:31.873 [main] Log4jDemo - This is an error message
[FATAL] 2020-03-27 16:58:31.874 [main] Log4jDemo - This is a fatal message
[INFO ] 2020-03-27 17:04:11.360 [main] Log4jDemo - This is an info message
[DEBUG] 2020-03-27 17:04:11.367 [main] Log4jDemo - This is an info message
[WARN ] 2020-03-27 17:04:11.367 [main] Log4jDemo - This is a warn message
[ERROR] 2020-03-27 17:04:11.368 [main] Log4jDemo - This is an error message
[FATAL] 2020-03-27 17:04:11.368 [main] Log4jDemo - This is a fatal message
[INFO ] 2020-03-27 17:06:31.320 [main] Log4jDemo - This is an info message
[DEBUG] 2020-03-27 17:06:31.324 [main] Log4jDemo - This is an info message
[WARN ] 2020-03-27 17:06:31.324 [main] Log4jDemo - This is a warn message
[ERROR] 2020-03-27 17:06:31.324 [main] Log4jDemo - This is an error message
[FATAL] 2020-03-27 17:06:31.324 [main] Log4jDemo - This is a fatal message
[INFO ] 2020-03-27 17:07:02.897 [main] Log4jDemo - This is an info message
[DEBUG] 2020-03-27 17:07:02.904 [main] Log4jDemo - This is an info message
[WARN ] 2020-03-27 17:07:02.904 [main] Log4jDemo - This is a warn message
[ERROR] 2020-03-27 17:07:02.904 [main] Log4jDemo - This is an error message
[FATAL] 2020-03-27 17:07:02.905 [main] Log4jDemo - This is a fatal message
